<?xml version="1.0" encoding="UTF-8"?>
<!-- Generated by org.testng.reporters.JUnitReportReporter -->
<testsuite hostname="DESKTOP-0Q33LGH" name="login.ForgotPwdPage" tests="2" failures="0" timestamp="6 Feb 2020 10:09:08 GMT" time="0.002" errors="0">
  <testcase name="TC_001" time="0.001" classname="login.ForgotPwdPage"/>
  <testcase name="TC_002" time="0.001" classname="login.ForgotPwdPage"/>
</testsuite> <!-- login.ForgotPwdPage -->
